STARTING AT Wed Aug 17 15:15:31 CEST 2022
00factorAnalysis.py
                  0         1         2
Envir01   -0.564729                    
Envir02   -0.407355                    
Envir03    0.413744                    
Envir04                                
Envir05                                
Envir06                                
Mobil01                                
Mobil02                                
Mobil03                                
Mobil04                                
Mobil05                                
Mobil06                                
Mobil07                                
Mobil08                                
Mobil09                                
Mobil10                                
Mobil11    0.482423                    
Mobil12                                
Mobil13                                
Mobil14    0.476652                    
Mobil15                                
Mobil16    0.459362                    
Mobil17    0.431262                    
Mobil18                                
Mobil19                                
Mobil20                         0.41233
Mobil21                                
Mobil22                                
Mobil23                                
Mobil24                                
Mobil25                                
Mobil26                        0.417643
Mobil27                                
ResidCh01            0.565421          
ResidCh02                              
ResidCh03                              
ResidCh04            0.413732          
ResidCh05            0.606071          
ResidCh06            0.441251          
ResidCh07                              
LifSty01                               
LifSty02                               
LifSty03                               
LifSty04                               
LifSty05                               
LifSty06                               
LifSty07             0.447161          
LifSty08                               
LifSty09                               
LifSty10             0.403303          
LifSty11                               
LifSty12                               
LifSty13                               
LifSty14                               
FINISHED AT Wed Aug 17 15:15:34 CEST 2022
