STARTING AT Wed Aug 17 15:15:31 CEST 2022
01oneLatentRegression.py
[15:15:32] < General >   *** Initial values of the parameters are obtained from the file __01oneLatentRegression.iter
[15:15:32] < Warning >   Cannot read file __01oneLatentRegression.iter. Statement is ignored.
[15:15:32] < General >   Log likelihood (N = 1906):  -82119.42 Gradient norm:      6e+04 Hessian norm:       2e+05 
[15:15:32] < General >   Log likelihood (N = 1906):  -31934.14 Gradient norm:      1e+04 Hessian norm:       7e+04 
[15:15:32] < General >   Log likelihood (N = 1906):   -23478.5 Gradient norm:      5e+03 Hessian norm:       9e+04 
[15:15:32] < General >   Log likelihood (N = 1906):  -21535.96 Gradient norm:      4e+03 Hessian norm:       9e+04 
[15:15:32] < General >   Log likelihood (N = 1906):  -21261.76 Gradient norm:      8e+03 Hessian norm:       1e+05 
[15:15:32] < General >   Log likelihood (N = 1906):  -20872.18 Gradient norm:      2e+03 Hessian norm:       2e+05 
[15:15:32] < General >   Log likelihood (N = 1906):  -20751.36 Gradient norm:      3e+03 Hessian norm:       2e+05 
[15:15:33] < General >   Log likelihood (N = 1906):  -20671.27 Gradient norm:      4e+02 Hessian norm:       2e+05 
[15:15:33] < General >   Log likelihood (N = 1906):  -20610.65 Gradient norm:      3e+03 Hessian norm:       3e+05 
[15:15:33] < General >   Log likelihood (N = 1906):  -20510.91 Gradient norm:      6e+02 Hessian norm:       3e+05 
[15:15:33] < General >   Log likelihood (N = 1906):  -20475.01 Gradient norm:      7e+03 Hessian norm:       4e+05 
[15:15:33] < General >   Log likelihood (N = 1906):  -20212.46 Gradient norm:      7e+02 Hessian norm:       4e+05 
[15:15:33] < General >   Log likelihood (N = 1906):  -20151.87 Gradient norm:      3e+03 Hessian norm:       3e+05 
[15:15:33] < General >   Log likelihood (N = 1906):  -19877.28 Gradient norm:      7e+03 Hessian norm:       3e+05 
[15:15:33] < General >   Log likelihood (N = 1906):  -19695.35 Gradient norm:      3e+03 Hessian norm:       3e+05 
[15:15:33] < General >   Log likelihood (N = 1906):  -19374.87 Gradient norm:      5e+03 Hessian norm:       2e+05 
[15:15:33] < General >   Log likelihood (N = 1906):  -19268.68 Gradient norm:      8e+03 Hessian norm:       1e+05 
[15:15:33] < General >   Log likelihood (N = 1906):  -19022.63 Gradient norm:      2e+03 Hessian norm:       1e+05 
[15:15:33] < General >   Log likelihood (N = 1906):  -18952.06 Gradient norm:      2e+03 Hessian norm:       1e+05 
[15:15:34] < General >   Log likelihood (N = 1906):  -18798.14 Gradient norm:      7e+02 Hessian norm:       1e+05 
[15:15:34] < General >   Log likelihood (N = 1906):  -18772.21 Gradient norm:      5e+02 Hessian norm:       1e+05 
[15:15:34] < General >   Log likelihood (N = 1906):  -18766.15 Gradient norm:      3e+02 Hessian norm:       8e+04 
[15:15:34] < General >   Log likelihood (N = 1906):  -18759.18 Gradient norm:      2e+02 Hessian norm:       7e+04 
[15:15:34] < General >   Log likelihood (N = 1906):  -18753.91 Gradient norm:      2e+02 Hessian norm:       6e+04 
[15:15:34] < General >   Log likelihood (N = 1906):  -18745.24 Gradient norm:      1e+02 Hessian norm:       5e+04 
[15:15:34] < General >   Log likelihood (N = 1906):  -18737.35 Gradient norm:      3e+02 Hessian norm:       4e+04 
[15:15:34] < General >   Log likelihood (N = 1906):  -18725.26 Gradient norm:      1e+02 Hessian norm:       3e+04 
[15:15:34] < General >   Log likelihood (N = 1906):  -18721.65 Gradient norm:          8 Hessian norm:       3e+04 
[15:15:34] < General >   Log likelihood (N = 1906):  -18721.64 Gradient norm:       0.05 Hessian norm:       3e+04 
[15:15:34] < General >   Log likelihood (N = 1906):  -18721.64 Gradient norm:       0.05 Hessian norm:       3e+04 BHHH norm:       5e+04
[15:15:35] < General >   Results saved in file 01oneLatentRegression.html
[15:15:35] < General >   Results saved in file 01oneLatentRegression.pickle
Estimated betas: 28
final log likelihood: -18721.637
Output file: 01oneLatentRegression.html
[15:15:36] < General >   Results saved in file 01oneLatentRegression.tex
LaTeX file: 01oneLatentRegression.tex
FINISHED AT Wed Aug 17 15:15:36 CEST 2022
