Running Sphinx v2.4.4
making output directory... done
building [mo]: targets for 0 po files that are out of date
building [html]: targets for 2 source files that are out of date
updating environment: [new config] 2 added, 0 changed, 0 removed
reading sources... [ 50%] biogeme
reading sources... [100%] index

/Users/michelbierlaire/opt/anaconda3/envs/python38/lib/python3.8/site-packages/biogeme-3.2.6-py3.8-macosx-10.9-x86_64.egg/biogeme/optimization.py:docstring of biogeme.optimization.bioBfgs:3: WARNING: Definition list ends without a blank line; unexpected unindent.
/Users/michelbierlaire/opt/anaconda3/envs/python38/lib/python3.8/site-packages/biogeme-3.2.6-py3.8-macosx-10.9-x86_64.egg/biogeme/optimization.py:docstring of biogeme.optimization.bioBounds.generalizedCauchyPoint:4: WARNING: Explicit markup ends without a blank line; unexpected unindent.
/Users/michelbierlaire/opt/anaconda3/envs/python38/lib/python3.8/site-packages/biogeme-3.2.6-py3.8-macosx-10.9-x86_64.egg/biogeme/optimization.py:docstring of biogeme.optimization.bioNewton:3: WARNING: Definition list ends without a blank line; unexpected unindent.
/Users/michelbierlaire/opt/anaconda3/envs/python38/lib/python3.8/site-packages/biogeme-3.2.6-py3.8-macosx-10.9-x86_64.egg/biogeme/optimization.py:docstring of biogeme.optimization.cauchyNewtonDogleg:24: WARNING: Inline interpreted text or phrase reference start-string without end-string.
/Users/michelbierlaire/opt/anaconda3/envs/python38/lib/python3.8/site-packages/biogeme-3.2.6-py3.8-macosx-10.9-x86_64.egg/biogeme/optimization.py:docstring of biogeme.optimization.newtonLineSearchForBiogeme:16: WARNING: Unexpected indentation.
/Users/michelbierlaire/opt/anaconda3/envs/python38/lib/python3.8/site-packages/biogeme-3.2.6-py3.8-macosx-10.9-x86_64.egg/biogeme/optimization.py:docstring of biogeme.optimization.newtonLineSearchForBiogeme:17: WARNING: Block quote ends without a blank line; unexpected unindent.
/Users/michelbierlaire/opt/anaconda3/envs/python38/lib/python3.8/site-packages/biogeme-3.2.6-py3.8-macosx-10.9-x86_64.egg/biogeme/optimization.py:docstring of biogeme.optimization.simpleBoundsNewtonAlgorithmForBiogeme:3: WARNING: Definition list ends without a blank line; unexpected unindent.
/Users/michelbierlaire/opt/anaconda3/envs/python38/lib/python3.8/site-packages/biogeme-3.2.6-py3.8-macosx-10.9-x86_64.egg/biogeme/optimization.py:docstring of biogeme.optimization.simpleBoundsNewtonAlgorithm:49: WARNING: Unknown target name: "lederrey et al. (2019)".
looking for now-outdated files... none found
pickling environment... done
checking consistency... done
preparing documents... done
writing output... [ 50%] biogeme
writing output... [100%] index

generating indices...  genindex py-modindexdone
writing additional pages...  searchdone
copying static files... ... done
copying extra files... done
dumping search index in English (code: en)... done
dumping object inventory... done
build succeeded, 8 warnings.

The HTML pages are in _build/html.
/Users/michelbierlaire/opt/anaconda3/envs/python38/lib/python3.8/site-packages/sphinx_rtd_theme/search.html:21: RemovedInSphinx30Warning: To modify script_files in the theme is deprecated. Please insert a <script> tag directly in your theme instead.
  {% endblock %}
